app/moonlight/build/intermediates/manifest_merge_blame_file/debug/processDebugManifest/manifest-merger-blame-debug-report.txt
1<?xml version="1.0" encoding="utf-8"?>
2<manifest xmlns:android="http://schemas.android.com/apk/res/android"
3    package="com.limelight" >
4
5    <uses-sdk android:minSdkVersion="26" />
5-->INJECTED
5-->INJECTED
6
7    <uses-permission android:name="android.permission.INTERNET" />
7-->src/main/AndroidManifest.xml:3:5-67
7-->src/main/AndroidManifest.xml:3:22-64
8    <uses-permission android:name="android.permission.ACCESS_NETWORK_STATE" />
8-->src/main/AndroidManifest.xml:4:5-79
8-->src/main/AndroidManifest.xml:4:22-76
9    <uses-permission android:name="android.permission.VIBRATE" />
9-->src/main/AndroidManifest.xml:5:5-66
9-->src/main/AndroidManifest.xml:5:22-63
10    <uses-permission android:name="android.permission.WAKE_LOCK" />
10-->src/main/AndroidManifest.xml:6:5-68
10-->src/main/AndroidManifest.xml:6:22-65
11    <uses-permission android:name="android.permission.ACCESS_WIFI_STATE" />
11-->src/main/AndroidManifest.xml:7:5-76
11-->src/main/AndroidManifest.xml:7:22-73
12    <uses-permission android:name="android.permission.CAPTURE_KEYBOARD" />
12-->src/main/AndroidManifest.xml:8:5-75
12-->src/main/AndroidManifest.xml:8:22-72
13    <uses-permission android:name="com.android.providers.tv.permission.READ_EPG_DATA" />
13-->src/main/AndroidManifest.xml:9:5-89
13-->src/main/AndroidManifest.xml:9:22-86
14    <uses-permission android:name="com.android.providers.tv.permission.WRITE_EPG_DATA" />
14-->src/main/AndroidManifest.xml:10:5-90
14-->src/main/AndroidManifest.xml:10:22-87
15    <uses-permission
15-->src/main/AndroidManifest.xml:11:5-113
16        android:name="android.permission.CHANGE_WIFI_MULTICAST_STATE"
16-->src/main/AndroidManifest.xml:11:22-83
17        android:maxSdkVersion="33" />
17-->src/main/AndroidManifest.xml:11:84-110
18
19    <application
19-->src/main/AndroidManifest.xml:13:5-29:19
20        android:allowBackup="true"
20-->src/main/AndroidManifest.xml:13:18-44
21        android:networkSecurityConfig="@xml/network_security_config" >
21-->src/main/AndroidManifest.xml:13:45-105
22        <provider
22-->src/main/AndroidManifest.xml:14:9-18:39
23            android:name="com.limelight.PosterContentProvider"
23-->src/main/AndroidManifest.xml:15:13-63
24            android:authorities="poster.${applicationId}"
24-->src/main/AndroidManifest.xml:16:13-58
25            android:enabled="true"
25-->src/main/AndroidManifest.xml:17:13-35
26            android:exported="true" />
26-->src/main/AndroidManifest.xml:18:13-36
27
28        <activity
28-->src/main/AndroidManifest.xml:19:9-116
29            android:name="com.limelight.PcView"
29-->src/main/AndroidManifest.xml:19:19-54
30            android:exported="false"
30-->src/main/AndroidManifest.xml:19:55-79
31            android:resizeableActivity="true" />
31-->src/main/AndroidManifest.xml:19:80-113
32        <activity
32-->src/main/AndroidManifest.xml:20:9-153
33            android:name="com.limelight.ShortcutTrampoline"
33-->src/main/AndroidManifest.xml:20:19-66
34            android:exported="false"
34-->src/main/AndroidManifest.xml:20:67-91
35            android:noHistory="true"
35-->src/main/AndroidManifest.xml:20:92-116
36            android:resizeableActivity="true" />
36-->src/main/AndroidManifest.xml:20:117-150
37        <activity
37-->src/main/AndroidManifest.xml:21:9-117
38            android:name="com.limelight.AppView"
38-->src/main/AndroidManifest.xml:21:19-55
39            android:exported="false"
39-->src/main/AndroidManifest.xml:21:56-80
40            android:resizeableActivity="true" />
40-->src/main/AndroidManifest.xml:21:81-114
41        <activity
41-->src/main/AndroidManifest.xml:22:9-171
42            android:name="com.limelight.preferences.StreamSettings"
42-->src/main/AndroidManifest.xml:22:19-74
43            android:exported="false"
43-->src/main/AndroidManifest.xml:22:75-99
44            android:label="Streaming Settings"
44-->src/main/AndroidManifest.xml:22:134-168
45            android:resizeableActivity="true" />
45-->src/main/AndroidManifest.xml:22:100-133
46        <activity
46-->src/main/AndroidManifest.xml:23:9-179
47            android:name="com.limelight.preferences.AddComputerManually"
47-->src/main/AndroidManifest.xml:23:19-79
48            android:exported="false"
48-->src/main/AndroidManifest.xml:23:80-104
49            android:label="Add Computer Manually"
49-->src/main/AndroidManifest.xml:23:139-176
50            android:resizeableActivity="true" />
50-->src/main/AndroidManifest.xml:23:105-138
51        <activity
51-->src/main/AndroidManifest.xml:24:9-280
52            android:name="com.limelight.Game"
52-->src/main/AndroidManifest.xml:24:19-52
53            android:excludeFromRecents="true"
53-->src/main/AndroidManifest.xml:24:209-242
54            android:exported="false"
54-->src/main/AndroidManifest.xml:24:53-77
55            android:launchMode="singleTask"
55-->src/main/AndroidManifest.xml:24:177-208
56            android:noHistory="true"
56-->src/main/AndroidManifest.xml:24:78-102
57            android:resizeableActivity="true"
57-->src/main/AndroidManifest.xml:24:143-176
58            android:supportsPictureInPicture="true"
58-->src/main/AndroidManifest.xml:24:103-142
59            android:theme="@style/StreamTheme" />
59-->src/main/AndroidManifest.xml:24:243-277
60        <activity
60-->src/main/AndroidManifest.xml:25:9-122
61            android:name="com.limelight.HelpActivity"
61-->src/main/AndroidManifest.xml:25:19-60
62            android:exported="false"
62-->src/main/AndroidManifest.xml:25:61-85
63            android:resizeableActivity="true" />
63-->src/main/AndroidManifest.xml:25:86-119
64
65        <service
65-->src/main/AndroidManifest.xml:26:9-148
66            android:name="com.limelight.discovery.DiscoveryService"
66-->src/main/AndroidManifest.xml:26:18-73
67            android:exported="false"
67-->src/main/AndroidManifest.xml:26:74-98
68            android:label="mDNS PC Auto-Discovery Service" />
68-->src/main/AndroidManifest.xml:26:99-145
69        <service
69-->src/main/AndroidManifest.xml:27:9-151
70            android:name="com.limelight.computers.ComputerManagerService"
70-->src/main/AndroidManifest.xml:27:18-79
71            android:exported="false"
71-->src/main/AndroidManifest.xml:27:80-104
72            android:label="Computer Management Service" />
72-->src/main/AndroidManifest.xml:27:105-148
73        <service
73-->src/main/AndroidManifest.xml:28:9-147
74            android:name="com.limelight.binding.input.driver.UsbDriverService"
74-->src/main/AndroidManifest.xml:28:18-84
75            android:exported="false"
75-->src/main/AndroidManifest.xml:28:85-109
76            android:label="Usb Driver Service" />
76-->src/main/AndroidManifest.xml:28:110-144
77    </application>
78
79</manifest>